[debug] [2021-03-23T18:41:20.608Z] ----------------------------------------------------------------------
[debug] [2021-03-23T18:41:20.611Z] Command:       C:\Program Files\nodejs\node.exe C:\Users\PC\AppData\Roaming\npm\node_modules\firebase-tools\lib\bin\firebase.js init
[debug] [2021-03-23T18:41:20.611Z] CLI Version:   9.6.1
[debug] [2021-03-23T18:41:20.612Z] Platform:      win32
[debug] [2021-03-23T18:41:20.612Z] Node Version:  v14.16.0
[debug] [2021-03-23T18:41:20.613Z] Time:          Tue Mar 23 2021 22:41:20 GMT+0400 (Georgia Standard Time)
[debug] [2021-03-23T18:41:20.613Z] ----------------------------------------------------------------------
[debug] [2021-03-23T18:41:20.613Z] 
[debug] [2021-03-23T18:41:20.621Z] > command requires scopes: ["email","openid","https://www.googleapis.com/auth/cloudplatformprojects.readonly","https://www.googleapis.com/auth/firebase","https://www.googleapis.com/auth/cloud-platform"]
[debug] [2021-03-23T18:41:20.622Z] > authorizing via signed-in user
[info] 
     ######## #### ########  ######## ########     ###     ######  ########
     ##        ##  ##     ## ##       ##     ##  ##   ##  ##       ##
     ######    ##  ########  ######   ########  #########  ######  ######
     ##        ##  ##    ##  ##       ##     ## ##     ##       ## ##
     ##       #### ##     ## ######## ########  ##     ##  ######  ########

You're about to initialize a Firebase project in this directory:

  C:\Users\PC\Downloads\TRACKING-FRONT-VUE-master\TRACKING-FRONT-VUE-master\dist

[info] 
=== Project Setup
[info] 
[info] First, let's associate this project directory with a Firebase project.
[info] You can create multiple project aliases by running firebase use --add, 
[info] but for now we'll just set up a default project.
[info] 
[debug] [2021-03-23T18:41:29.988Z] >>> [apiv2][query] GET https://firebase.googleapis.com/v1beta1/projects pageSize=100
[debug] [2021-03-23T18:41:30.389Z] <<< [apiv2][status] GET https://firebase.googleapis.com/v1beta1/projects 200
[debug] [2021-03-23T18:41:30.389Z] <<< [apiv2][body] GET https://firebase.googleapis.com/v1beta1/projects [omitted]
[info] i  Using project meko-2047e (Meko) 
[info] 
=== Hosting Setup
[info] 
[info] Your public directory is the folder (relative to your project directory) that
[info] will contain Hosting assets to be uploaded with firebase deploy. If you
[info] have a build process for your assets, use your build's output directory.
[info] 
[info] +  Wrote y/404.html 
[debug] [2021-03-23T18:42:02.479Z] >>> [apiv2][query] GET https://www.gstatic.com/firebasejs/releases.json [none]
[debug] [2021-03-23T18:42:02.629Z] <<< [apiv2][status] GET https://www.gstatic.com/firebasejs/releases.json 200
[debug] [2021-03-23T18:42:02.629Z] <<< [apiv2][body] GET https://www.gstatic.com/firebasejs/releases.json {"current":{"version":"8.3.1","browserURL":"https://www.gstatic.com/firebasejs/8.3.1/firebase.js","packageURL":"https://www.gstatic.com/firebasejs/8.3.1/firebase.tgz"},"live":{"version":"8.3","browserURL":"https://www.gstatic.com/firebasejs/live/8.3/firebase.js","packageURL":"https://www.gstatic.com/firebasejs/live/8.3/firebase.tgz"},"components":{"analytics":"https://www.gstatic.com/firebasejs/8.3.1/firebase-analytics.js","app":"https://www.gstatic.com/firebasejs/8.3.1/firebase-app.js","auth":"https://www.gstatic.com/firebasejs/8.3.1/firebase-auth.js","database":"https://www.gstatic.com/firebasejs/8.3.1/firebase-database.js","firestore":"https://www.gstatic.com/firebasejs/8.3.1/firebase-firestore.js","functions":"https://www.gstatic.com/firebasejs/8.3.1/firebase-functions.js","installations":"https://www.gstatic.com/firebasejs/8.3.1/firebase-installations.js","messaging":"https://www.gstatic.com/firebasejs/8.3.1/firebase-messaging.js","storage":"https://www.gstatic.com/firebasejs/8.3.1/firebase-storage.js","performance":"https://www.gstatic.com/firebasejs/8.3.1/firebase-performance.js","remote-config":"https://www.gstatic.com/firebasejs/8.3.1/firebase-remote-config.js","firestore.memory":"https://www.gstatic.com/firebasejs/8.3.1/firebase-firestore.memory.js"}}
[info] +  Wrote y/index.html 
[info] 
[info] i  Didn't detect a .git folder. Assuming C:\Users\PC\Downloads\TRACKING-FRONT-VUE-master\TRACKING-FRONT-VUE-master\dist is the project root. 
[info] i  Authorizing with GitHub to upload your service account to a GitHub repository's secrets store. 
[info] 
[info] Visit this URL on this device to log in:
[info] https://github.com/login/oauth/authorize?client_id=89cf50f02ac6aaed3484&state=925263172&redirect_uri=http%3A%2F%2Flocalhost%3A9005&scope=read%3Auser%20repo%20public_repo
[info] 
[info] Waiting for authentication...
[debug] [2021-03-23T18:42:27.940Z] >>> HTTP REQUEST POST https://github.com/login/oauth/access_token  
 {"client_id":"89cf50f02ac6aaed3484","client_secret":"3330d14abc895d9a74d5f17cd7a00711fa2c5bf0","code":"47817158749809effe30","redirect_uri":"http://localhost:9005","state":"925263172"}
[debug] [2021-03-23T18:42:28.402Z] <<< HTTP RESPONSE 200 {"server":"GitHub.com","date":"Tue, 23 Mar 2021 18:42:28 GMT","content-type":"application/json; charset=utf-8","transfer-encoding":"chunked","vary":"X-PJAX, Accept-Encoding, Accept, X-Requested-With","etag":"W/\"3745ba0a47cf66a9be05b94abdaf3c71\"","cache-control":"max-age=0, private, must-revalidate","strict-transport-security":"max-age=31536000; includeSubdomains; preload","x-frame-options":"deny","x-content-type-options":"nosniff","x-xss-protection":"0","referrer-policy":"origin-when-cross-origin, strict-origin-when-cross-origin","expect-ct":"max-age=2592000, report-uri=\"https://api.github.com/_private/browser/errors\"","content-security-policy":"default-src 'none'; base-uri 'self'; block-all-mixed-content; connect-src 'self' uploads.github.com www.githubstatus.com collector.githubapp.com api.github.com github-cloud.s3.amazonaws.com github-production-repository-file-5c1aeb.s3.amazonaws.com github-production-upload-manifest-file-7fdce7.s3.amazonaws.com github-production-user-asset-6210df.s3.amazonaws.com cdn.optimizely.com logx.optimizely.com/v1/events wss://alive.github.com; font-src github.githubassets.com; form-action 'self' github.com gist.github.com; frame-ancestors 'none'; frame-src render.githubusercontent.com; img-src 'self' data: github.githubassets.com identicons.github.com collector.githubapp.com github-cloud.s3.amazonaws.com secured-user-images.githubusercontent.com/ *.githubusercontent.com; manifest-src 'self'; media-src 'none'; script-src github.githubassets.com; style-src 'unsafe-inline' github.githubassets.com; worker-src github.com/socket-worker-6832eced.js gist.github.com/socket-worker-6832eced.js","x-github-request-id":"C74A:BEF6:C9866:CFA98:605A3694"}
[debug] [2021-03-23T18:42:28.407Z] >>> [apiv2][query] GET https://api.github.com/user [none]
[debug] [2021-03-23T18:42:28.822Z] <<< [apiv2][status] GET https://api.github.com/user 200
[debug] [2021-03-23T18:42:28.824Z] <<< [apiv2][body] GET https://api.github.com/user {"login":"Teng0","id":29305019,"node_id":"MDQ6VXNlcjI5MzA1MDE5","avatar_url":"https://avatars.githubusercontent.com/u/29305019?v=4","gravatar_id":"","url":"https://api.github.com/users/Teng0","html_url":"https://github.com/Teng0","followers_url":"https://api.github.com/users/Teng0/followers","following_url":"https://api.github.com/users/Teng0/following{/other_user}","gists_url":"https://api.github.com/users/Teng0/gists{/gist_id}","starred_url":"https://api.github.com/users/Teng0/starred{/owner}{/repo}","subscriptions_url":"https://api.github.com/users/Teng0/subscriptions","organizations_url":"https://api.github.com/users/Teng0/orgs","repos_url":"https://api.github.com/users/Teng0/repos","events_url":"https://api.github.com/users/Teng0/events{/privacy}","received_events_url":"https://api.github.com/users/Teng0/received_events","type":"User","site_admin":false,"name":"Tengo","company":"Municipal Developlment Fund Of Georgia","blog":"https://github.com/Teng0/","location":"Georgia","email":"tengosmail@gmail.com","hireable":true,"bio":"Am learninig web programing ","twitter_username":null,"public_repos":31,"public_gists":0,"followers":0,"following":0,"created_at":"2017-06-09T11:46:10Z","updated_at":"2021-03-23T18:42:19Z","private_gists":15,"total_private_repos":2,"owned_private_repos":2,"disk_usage":165774,"collaborators":0,"two_factor_authentication":false,"plan":{"name":"free","space":976562499,"collaborators":0,"private_repos":10000}}
[info] 
[info] +  Success! Logged into GitHub as Teng0 
[info] 
